<?xml version="1.0" encoding="UTF-8"?>
<!-- Generated by org.testng.reporters.JUnitReportReporter -->
<testsuite skipped="0" hostname="DESKTOP-B9L9QI5" name="test.java.dao.test.DaoTest" tests="1" failures="0" timestamp="04 Dec 2017 00:44:13 GMT" time="0.008" errors="0">
  <testcase name="helloWorldTest" time="0.008" classname="test.java.dao.test.DaoTest"/>
</testsuite> <!-- test.java.dao.test.DaoTest -->
